This is pdfTeX, Version 3.14159265-2.6-1.40.16 (TeX Live 2015) (preloaded format=pdflatex 2015.5.24)  9 AUG 2016 08:58
entering extended mode
 restricted \write18 enabled.
 file:line:error style messages enabled.
 %&-line parsing enabled.
**main.tex
(./main.tex
LaTeX2e <2015/01/01>
Babel <3.9l> and hyphenation patterns for 79 languages loaded.
(/usr/local/texlive/2015/texmf-dist/tex/generic/oberdiek/ifpdf.sty
Package: ifpdf 2011/01/30 v2.3 Provides the ifpdf switch (HO)
Package ifpdf Info: pdfTeX in PDF mode is detected.
)
(/usr/local/texlive/2015/texmf-dist/tex/latex/morefloats/morefloats.sty
Package: morefloats 2012/01/28 v1.0f Raise limit of unprocessed floats (HMM; DH
)

(/usr/local/texlive/2015/texmf-dist/tex/latex/oberdiek/kvoptions.sty
Package: kvoptions 2011/06/30 v3.11 Key value format for package options (HO)

(/usr/local/texlive/2015/texmf-dist/tex/latex/graphics/keyval.sty
Package: keyval 2014/10/28 v1.15 key=value parser (DPC)
\KV@toks@=\toks14
)
(/usr/local/texlive/2015/texmf-dist/tex/generic/oberdiek/ltxcmds.sty
Package: ltxcmds 2011/11/09 v1.22 LaTeX kernel commands for general use (HO)
)
(/usr/local/texlive/2015/texmf-dist/tex/generic/oberdiek/kvsetkeys.sty
Package: kvsetkeys 2012/04/25 v1.16 Key value parser (HO)

(/usr/local/texlive/2015/texmf-dist/tex/generic/oberdiek/infwarerr.sty
Package: infwarerr 2010/04/08 v1.3 Providing info/warning/error messages (HO)
)
(/usr/local/texlive/2015/texmf-dist/tex/generic/oberdiek/etexcmds.sty
Package: etexcmds 2011/02/16 v1.5 Avoid name clashes with e-TeX commands (HO)

(/usr/local/texlive/2015/texmf-dist/tex/generic/oberdiek/ifluatex.sty
Package: ifluatex 2010/03/01 v1.3 Provides the ifluatex switch (HO)
Package ifluatex Info: LuaTeX not detected.
)
Package etexcmds Info: Could not find \expanded.
(etexcmds)             That can mean that you are not using pdfTeX 1.50 or
(etexcmds)             that some package has redefined \expanded.
(etexcmds)             In the latter case, load this package earlier.
)))
Package morefloats Info: Maximum number of possible floats asked for: 36.
(morefloats)             LaTeX might run out of memory before this
(morefloats)             (in which case it will notify you).
(morefloats)              on input line 171.
\bx@S=\insert233
\bx@T=\insert232
\bx@U=\insert231
\bx@V=\insert230
\bx@W=\insert229
\bx@X=\insert228
\bx@Y=\insert227
\bx@Z=\insert226
\bx@AA=\insert225
\bx@AB=\insert224
\bx@AC=\insert223
\bx@AD=\insert222
\bx@AE=\insert221
\bx@AF=\insert220
\bx@AG=\insert219
\bx@AH=\insert218
\bx@AI=\insert217
\bx@AJ=\insert216
)
(./JINST.cls
Document Class: JINST 2015/06/07 v1.0.4 LaTeX document class - P.D.
(/usr/local/texlive/2015/texmf-dist/tex/latex/amsfonts/amssymb.sty
Package: amssymb 2013/01/14 v3.01 AMS font symbols

(/usr/local/texlive/2015/texmf-dist/tex/latex/amsfonts/amsfonts.sty
Package: amsfonts 2013/01/14 v3.01 Basic AMSFonts support
\@emptytoks=\toks15
\symAMSa=\mathgroup4
\symAMSb=\mathgroup5
LaTeX Font Info:    Overwriting math alphabet `\mathfrak' in version `bold'
(Font)                  U/euf/m/n --> U/euf/b/n on input line 106.
))
(/usr/local/texlive/2015/texmf-dist/tex/latex/base/fontenc.sty
Package: fontenc 2005/09/27 v1.99g Standard LaTeX package

(/usr/local/texlive/2015/texmf-dist/tex/latex/base/t1enc.def
File: t1enc.def 2005/09/27 v1.99g Standard LaTeX file
LaTeX Font Info:    Redeclaring font encoding T1 on input line 48.
))
(/usr/local/texlive/2015/texmf-dist/tex/latex/psnfss/times.sty
Package: times 2005/04/12 PSNFSS-v9.2a (SPQR) 
)
(/usr/local/texlive/2015/texmf-dist/tex/latex/psnfss/mathptmx.sty
Package: mathptmx 2005/04/12 PSNFSS-v9.2a Times w/ Math, improved (SPQR, WaS) 
LaTeX Font Info:    Redeclaring symbol font `operators' on input line 28.
LaTeX Font Info:    Overwriting symbol font `operators' in version `normal'
(Font)                  OT1/cmr/m/n --> OT1/ztmcm/m/n on input line 28.
LaTeX Font Info:    Overwriting symbol font `operators' in version `bold'
(Font)                  OT1/cmr/bx/n --> OT1/ztmcm/m/n on input line 28.
LaTeX Font Info:    Redeclaring symbol font `letters' on input line 29.
LaTeX Font Info:    Overwriting symbol font `letters' in version `normal'
(Font)                  OML/cmm/m/it --> OML/ztmcm/m/it on input line 29.
LaTeX Font Info:    Overwriting symbol font `letters' in version `bold'
(Font)                  OML/cmm/b/it --> OML/ztmcm/m/it on input line 29.
LaTeX Font Info:    Redeclaring symbol font `symbols' on input line 30.
LaTeX Font Info:    Overwriting symbol font `symbols' in version `normal'
(Font)                  OMS/cmsy/m/n --> OMS/ztmcm/m/n on input line 30.
LaTeX Font Info:    Overwriting symbol font `symbols' in version `bold'
(Font)                  OMS/cmsy/b/n --> OMS/ztmcm/m/n on input line 30.
LaTeX Font Info:    Redeclaring symbol font `largesymbols' on input line 31.
LaTeX Font Info:    Overwriting symbol font `largesymbols' in version `normal'
(Font)                  OMX/cmex/m/n --> OMX/ztmcm/m/n on input line 31.
LaTeX Font Info:    Overwriting symbol font `largesymbols' in version `bold'
(Font)                  OMX/cmex/m/n --> OMX/ztmcm/m/n on input line 31.
\symbold=\mathgroup6
\symitalic=\mathgroup7
LaTeX Font Info:    Redeclaring math alphabet \mathbf on input line 34.
LaTeX Font Info:    Overwriting math alphabet `\mathbf' in version `normal'
(Font)                  OT1/cmr/bx/n --> OT1/ptm/bx/n on input line 34.
LaTeX Font Info:    Overwriting math alphabet `\mathbf' in version `bold'
(Font)                  OT1/cmr/bx/n --> OT1/ptm/bx/n on input line 34.
LaTeX Font Info:    Redeclaring math alphabet \mathit on input line 35.
LaTeX Font Info:    Overwriting math alphabet `\mathit' in version `normal'
(Font)                  OT1/cmr/m/it --> OT1/ptm/m/it on input line 35.
LaTeX Font Info:    Overwriting math alphabet `\mathit' in version `bold'
(Font)                  OT1/cmr/bx/it --> OT1/ptm/m/it on input line 35.
LaTeX Info: Redefining \hbar on input line 50.
)
(/usr/local/texlive/2015/texmf-dist/tex/latex/graphics/graphicx.sty
Package: graphicx 2014/10/28 v1.0g Enhanced LaTeX Graphics (DPC,SPQR)

(/usr/local/texlive/2015/texmf-dist/tex/latex/graphics/graphics.sty
Package: graphics 2014/10/28 v1.0p Standard LaTeX Graphics (DPC,SPQR)

(/usr/local/texlive/2015/texmf-dist/tex/latex/graphics/trig.sty
Package: trig 1999/03/16 v1.09 sin cos tan (DPC)
)
(/usr/local/texlive/2015/texmf-dist/tex/latex/latexconfig/graphics.cfg
File: graphics.cfg 2010/04/23 v1.9 graphics configuration of TeX Live
)
Package graphics Info: Driver file: pdftex.def on input line 94.

(/usr/local/texlive/2015/texmf-dist/tex/latex/pdftex-def/pdftex.def
File: pdftex.def 2011/05/27 v0.06d Graphics/color for pdfTeX
\Gread@gobject=\count79
))
\Gin@req@height=\dimen102
\Gin@req@width=\dimen103
)
\symforjmath=\mathgroup8

(/usr/local/texlive/2015/texmf-dist/tex/latex/base/size11.clo
File: size11.clo 2014/09/29 v1.4h Standard LaTeX file (size option)
)
(/usr/local/texlive/2015/texmf-dist/tex/generic/pdftex/pdfcolor.tex)
\@tempcntc=\count80
\titlesk@ja=\skip41
\titlesk@jb=\skip42
\titlesk@jc=\skip43
\c@part=\count81
\c@section=\count82
\c@subsection=\count83
\c@subsubsection=\count84
\c@paragraph=\count85
\c@subparagraph=\count86
\prev@t=\toks16
\cur@t=\toks17
\@firstaubox=\box26
\addr@skip=\skip44
\auth@skip=\skip45
\Jcopy@date=\box27
\Jspecial@url=\box28
\Jpaper@url=\box29
LaTeX Font Info:    Try loading font information for T1+pcr on input line 818.

(/usr/local/texlive/2015/texmf-dist/tex/latex/psnfss/t1pcr.fd
File: t1pcr.fd 2001/06/04 font definitions for T1/pcr.
)
\c@figure=\count87
\c@table=\count88
\c@OptionTest=\count89
\@tmpbox=\box30
\figbox=\box31
\tabbox=\box32
\pagebox=\box33
\ffigcount=\count90
\ftabcount=\count91
\hangcount=\count92
\nosuccesstryfig=\count93
\nosuccesstrytab=\count94
\figgutter=\dimen104
\tabgutter=\dimen105
\fl@wd=\dimen106
\fl@ht=\dimen107
\htdone=\dimen108
\pageht=\dimen109
\startpageht=\dimen110
\floatfltwidth=\dimen111
\fltitemwidth=\dimen112
\outputpretest=\toks18
\abovecaptionskip=\skip46
\belowcaptionskip=\skip47
\bibindent=\dimen113
)
(/usr/local/texlive/2015/texmf-dist/tex/latex/multirow/multirow.sty
\bigstrutjot=\dimen114
)
(/usr/local/texlive/2015/texmf-dist/tex/latex/booktabs/booktabs.sty
Package: booktabs 2005/04/14 v1.61803 publication quality tables
\heavyrulewidth=\dimen115
\lightrulewidth=\dimen116
\cmidrulewidth=\dimen117
\belowrulesep=\dimen118
\belowbottomsep=\dimen119
\aboverulesep=\dimen120
\abovetopsep=\dimen121
\cmidrulesep=\dimen122
\cmidrulekern=\dimen123
\defaultaddspace=\dimen124
\@cmidla=\count95
\@cmidlb=\count96
\@aboverulesep=\dimen125
\@belowrulesep=\dimen126
\@thisruleclass=\count97
\@lastruleclass=\count98
\@thisrulewidth=\dimen127
)
(/usr/local/texlive/2015/texmf-dist/tex/latex/lineno/lineno.sty
Package: lineno 2005/11/02 line numbers on paragraphs v4.41
\linenopenalty=\count99
\output=\toks19
\linenoprevgraf=\count100
\linenumbersep=\dimen128
\linenumberwidth=\dimen129
\c@linenumber=\count101
\c@pagewiselinenumber=\count102
\c@LN@truepage=\count103
\c@internallinenumber=\count104
\c@internallinenumbers=\count105
\quotelinenumbersep=\dimen130
\bframerule=\dimen131
\bframesep=\dimen132
\bframebox=\box34
LaTeX Info: Redefining \\ on input line 3056.
)
(/usr/local/texlive/2015/texmf-dist/tex/latex/subfig/subfig.sty
Package: subfig 2005/06/28 ver: 1.3 subfig package

(/usr/local/texlive/2015/texmf-dist/tex/latex/caption/caption.sty
Package: caption 2013/05/02 v3.3-89 Customizing captions (AR)

(/usr/local/texlive/2015/texmf-dist/tex/latex/caption/caption3.sty
Package: caption3 2013/05/02 v1.6-88 caption3 kernel (AR)
Package caption3 Info: TeX engine: e-TeX on input line 57.
\captionmargin=\dimen133
\captionmargin@=\dimen134
\captionwidth=\dimen135
\caption@tempdima=\dimen136
\caption@indent=\dimen137
\caption@parindent=\dimen138
\caption@hangindent=\dimen139
Package caption Info: Unknown document class (or package),
(caption)             standard defaults will be used.
)

Package caption Warning: Unsupported document class (or package) detected,
(caption)                usage of the caption package is not recommended.
See the caption package documentation for explanation.

Package caption Info: \@makecaption = \long macro:#1#2->\if@hyper {\edef \@pipp
o {the\@captype } \name {\@captype \expandafter \csname \@pippo \endcsname }}\f
i \vskip \abovecaptionskip {\let \label \@gobble \let \index \@gobble \let \glo
ssary \@gobble \sbox \@tempboxa {\small {\bfseries #1.} #2}\global \dimen 0\wd 
\@tempboxa }\ifdim \dimen 0 >\hsize \small {\bfseries #1.} #2\par \else \global
 \@minipagefalse \sbox \@tempboxa {\small {\bfseries #1.} #2}\hb@xt@ \hsize {\h
fil \box \@tempboxa \hfil }\fi \vskip \belowcaptionskip .
\c@ContinuedFloat=\count106
)
\c@KVtest=\count107
\sf@farskip=\skip48
\sf@captopadj=\dimen140
\sf@capskip=\skip49
\sf@nearskip=\skip50
\c@subfigure=\count108
\c@subfigure@save=\count109
\c@lofdepth=\count110
\c@subtable=\count111
\c@subtable@save=\count112
\c@lotdepth=\count113
\sf@top=\skip51
\sf@bottom=\skip52
) (./header.tex (./authors.tex) (./abstract.tex))

LaTeX Warning: Unused global option(s):
    [floatfix].

(./main.aux)
\openout1 = `main.aux'.

LaTeX Font Info:    Checking defaults for OML/cmm/m/it on input line 39.
LaTeX Font Info:    ... okay on input line 39.
LaTeX Font Info:    Checking defaults for T1/cmr/m/n on input line 39.
LaTeX Font Info:    ... okay on input line 39.
LaTeX Font Info:    Checking defaults for OT1/cmr/m/n on input line 39.
LaTeX Font Info:    ... okay on input line 39.
LaTeX Font Info:    Checking defaults for OMS/cmsy/m/n on input line 39.
LaTeX Font Info:    ... okay on input line 39.
LaTeX Font Info:    Checking defaults for OMX/cmex/m/n on input line 39.
LaTeX Font Info:    ... okay on input line 39.
LaTeX Font Info:    Checking defaults for U/cmr/m/n on input line 39.
LaTeX Font Info:    ... okay on input line 39.
LaTeX Font Info:    Try loading font information for T1+ptm on input line 39.
 (/usr/local/texlive/2015/texmf-dist/tex/latex/psnfss/t1ptm.fd
File: t1ptm.fd 2001/06/04 font definitions for T1/ptm.
)
\big@size=\dimen141

(/usr/local/texlive/2015/texmf-dist/tex/context/base/supp-pdf.mkii
[Loading MPS to PDF converter (version 2006.09.02).]
\scratchcounter=\count114
\scratchdimen=\dimen142
\scratchbox=\box35
\nofMPsegments=\count115
\nofMParguments=\count116
\everyMPshowfont=\toks20
\MPscratchCnt=\count117
\MPscratchDim=\dimen143
\MPnumerator=\count118
\makeMPintoPDFobject=\count119
\everyMPtoPDFconversion=\toks21
) (/usr/local/texlive/2015/texmf-dist/tex/generic/oberdiek/pdftexcmds.sty
Package: pdftexcmds 2011/11/29 v0.20 Utility functions of pdfTeX for LuaTeX (HO
)
Package pdftexcmds Info: LuaTeX not detected.
Package pdftexcmds Info: \pdf@primitive is available.
Package pdftexcmds Info: \pdf@ifprimitive is available.
Package pdftexcmds Info: \pdfdraftmode found.
)
(/usr/local/texlive/2015/texmf-dist/tex/latex/oberdiek/epstopdf-base.sty
Package: epstopdf-base 2010/02/09 v2.5 Base part for package epstopdf

(/usr/local/texlive/2015/texmf-dist/tex/latex/oberdiek/grfext.sty
Package: grfext 2010/08/19 v1.1 Manage graphics extensions (HO)

(/usr/local/texlive/2015/texmf-dist/tex/generic/oberdiek/kvdefinekeys.sty
Package: kvdefinekeys 2011/04/07 v1.3 Define keys (HO)
))
Package grfext Info: Graphics extension search list:
(grfext)             [.pdf,.jpg,.jpeg,.eps]
(grfext)             \AppendGraphicsExtensions on input line 452.

(/usr/local/texlive/2015/texmf-dist/tex/latex/latexconfig/epstopdf-sys.cfg
File: epstopdf-sys.cfg 2010/07/13 v1.3 Configuration of (r)epstopdf for TeX Liv
e
))
LaTeX Font Info:    Try loading font information for OT1+ztmcm on input line 39
.

(/usr/local/texlive/2015/texmf-dist/tex/latex/psnfss/ot1ztmcm.fd
File: ot1ztmcm.fd 2000/01/03 Fontinst v1.801 font definitions for OT1/ztmcm.
)
LaTeX Font Info:    Try loading font information for OML+ztmcm on input line 39
.

(/usr/local/texlive/2015/texmf-dist/tex/latex/psnfss/omlztmcm.fd
File: omlztmcm.fd 2000/01/03 Fontinst v1.801 font definitions for OML/ztmcm.
)
LaTeX Font Info:    Try loading font information for OMS+ztmcm on input line 39
.

(/usr/local/texlive/2015/texmf-dist/tex/latex/psnfss/omsztmcm.fd
File: omsztmcm.fd 2000/01/03 Fontinst v1.801 font definitions for OMS/ztmcm.
)
LaTeX Font Info:    Try loading font information for OMX+ztmcm on input line 39
.

(/usr/local/texlive/2015/texmf-dist/tex/latex/psnfss/omxztmcm.fd
File: omxztmcm.fd 2000/01/03 Fontinst v1.801 font definitions for OMX/ztmcm.
)
LaTeX Font Info:    Try loading font information for OT1+ptm on input line 39.

(/usr/local/texlive/2015/texmf-dist/tex/latex/psnfss/ot1ptm.fd
File: ot1ptm.fd 2001/06/04 font definitions for OT1/ptm.
)
LaTeX Font Info:    Font shape `OT1/ptm/bx/n' in size <10.95> not available
(Font)              Font shape `OT1/ptm/b/n' tried instead on input line 39.
LaTeX Font Info:    Font shape `OT1/ptm/bx/n' in size <8> not available
(Font)              Font shape `OT1/ptm/b/n' tried instead on input line 39.
LaTeX Font Info:    Font shape `OT1/ptm/bx/n' in size <6> not available
(Font)              Font shape `OT1/ptm/b/n' tried instead on input line 39.
LaTeX Font Info:    Try loading font information for T1+phv on input line 39.

(/usr/local/texlive/2015/texmf-dist/tex/latex/psnfss/t1phv.fd
File: t1phv.fd 2001/06/04 scalable font definitions for T1/phv.
)
LaTeX Font Info:    Font shape `T1/phv/bx/n' in size <17.28> not available
(Font)              Font shape `T1/phv/b/n' tried instead on input line 39.
LaTeX Font Info:    Font shape `T1/ptm/bx/n' in size <10.95> not available
(Font)              Font shape `T1/ptm/b/n' tried instead on input line 39.
LaTeX Font Info:    Font shape `T1/phv/bx/n' in size <10.95> not available
(Font)              Font shape `T1/phv/b/n' tried instead on input line 39.
LaTeX Font Info:    Font shape `T1/phv/bx/n' in size <10> not available
(Font)              Font shape `T1/phv/b/n' tried instead on input line 39.
LaTeX Font Info:    Font shape `OT1/ptm/bx/n' in size <10> not available
(Font)              Font shape `OT1/ptm/b/n' tried instead on input line 39.
LaTeX Font Info:    Font shape `OT1/ptm/bx/n' in size <7.4> not available
(Font)              Font shape `OT1/ptm/b/n' tried instead on input line 39.
 [0

{/usr/local/texlive/2015/texmf-var/fonts/map/pdftex/updmap/pdftex.map}]
LaTeX Font Info:    Font shape `T1/ptm/bx/n' in size <12> not available
(Font)              Font shape `T1/ptm/b/n' tried instead on input line 39.
 (./main.toc [1])
\tf@toc=\write3
\openout3 = `main.toc'.

Package caption Info: Begin \AtBeginDocument code.
Package caption Info: subfig package v1.3 is loaded.
Package caption Info: End \AtBeginDocument code.

(./introduction.tex [2]

LaTeX Warning: Citation `miniboone' on page 3 undefined on input line 6.


LaTeX Warning: Citation `reactor anomaly' on page 3 undefined on input line 6.


LaTeX Warning: Citation `gallexSage' on page 3 undefined on input line 6.


LaTeX Warning: Citation `solar' on page 3 undefined on input line 6.

[3]

LaTeX Warning: Citation `send' on page 4 undefined on input line 12.


LaTeX Warning: Citation `DUNE' on page 4 undefined on input line 20.

[4]

LaTeX Warning: Citation `argoneutpapers' on page 5 undefined on input line 22.

) (./experiment-overview.tex

LaTeX Warning: Citation `NuMIbeam' on page 5 undefined on input line 5.

[5] <figures/current_long_plot-PLAN.pdf, id=354, 3130.95111pt x 1510.69693pt>
File: figures/current_long_plot-PLAN.pdf Graphic file (type pdf)

<use figures/current_long_plot-PLAN.pdf>
Package pdftex.def Info: figures/current_long_plot-PLAN.pdf used on input line 
11.
(pdftex.def)             Requested size: 408.69475pt x 197.18124pt.

<figures/current_long_plot-SECTION.pdf, id=355, 2995.45099pt x 386.3233pt>
File: figures/current_long_plot-SECTION.pdf Graphic file (type pdf)

<use figures/current_long_plot-SECTION.pdf>
Package pdftex.def Info: figures/current_long_plot-SECTION.pdf used on input li
ne 12.
(pdftex.def)             Requested size: 408.69475pt x 52.7055pt.
 [6 <./figures/current_long_plot-PLAN.pdf> <./figures/current_long_plot-SECTION
.pdf>]
<figures/my_tpc.pdf, id=402, 786.6501pt x 458.63184pt>
File: figures/my_tpc.pdf Graphic file (type pdf)

<use figures/my_tpc.pdf>
Package pdftex.def Info: figures/my_tpc.pdf used on input line 26.
(pdftex.def)             Requested size: 322.65479pt x 188.11725pt.
 [7 <./figures/my_tpc.pdf>]
Overfull \hbox (14.55586pt too wide) in paragraph at lines 41--42
\T1/ptm/m/n/10.95 achieved via the in-tro-duc-tion of ex-tremely high volt-age 
($\OMS/ztmcm/m/n/10.95 O$\T1/ptm/m/n/10.95 (100 kV) mag-ni-tude) onto the LArTP
C cath-
 []

[8] <figures/microboone_tpc_diagram.jpg, id=431, 1163.34625pt x 1391.1975pt>
File: figures/microboone_tpc_diagram.jpg Graphic file (type jpg)

<use figures/microboone_tpc_diagram.jpg>
Package pdftex.def Info: figures/microboone_tpc_diagram.jpg used on input line 
88.
(pdftex.def)             Requested size: 193.59155pt x 231.49065pt.
) (./cryogenic-system.tex [9 <./figures/microboone_tpc_diagram.jpg>]
Overfull \hbox (8.62885pt too wide) in paragraph at lines 10--24
 [][] 
 []

<figures/FULL-ASSY-1.jpg, id=441, 987.69pt x 958.58125pt>
File: figures/FULL-ASSY-1.jpg Graphic file (type jpg)

<use figures/FULL-ASSY-1.jpg>
Package pdftex.def Info: figures/FULL-ASSY-1.jpg used on input line 30.
(pdftex.def)             Requested size: 408.69475pt x 396.6483pt.
 [10]
Underfull \vbox (badness 2875) has occurred while \output is active []

 [11 <./figures/FULL-ASSY-1.jpg>]

LaTeX Warning: Citation `ASMEref' on page 12 undefined on input line 47.

<figures/cryostat_nozzles.pdf, id=456, 456.60841pt x 289.58237pt>
File: figures/cryostat_nozzles.pdf Graphic file (type pdf)

<use figures/cryostat_nozzles.pdf>
Package pdftex.def Info: figures/cryostat_nozzles.pdf used on input line 51.
(pdftex.def)             Requested size: 430.20639pt x 272.84373pt.

<figures/14-0222-03D.jpg, id=457, 803.0pt x 534.99875pt>
File: figures/14-0222-03D.jpg Graphic file (type jpg)

<use figures/14-0222-03D.jpg>
Package pdftex.def Info: figures/14-0222-03D.jpg used on input line 58.
(pdftex.def)             Requested size: 193.59155pt x 128.98192pt.
 <figures/foam2.jpg, id=458, 602.25pt x 803.0pt>
File: figures/foam2.jpg Graphic file (type jpg)

<use figures/foam2.jpg>
Package pdftex.def Info: figures/foam2.jpg used on input line 59.
(pdftex.def)             Requested size: 193.59155pt x 258.117pt.
 [12 <./figures/cryostat_nozzles.pdf>]
<figures/flow_diagram.jpg, id=513, 1231.60126pt x 737.75626pt>
File: figures/flow_diagram.jpg Graphic file (type jpg)

<use figures/flow_diagram.jpg>
Package pdftex.def Info: figures/flow_diagram.jpg used on input line 110.
(pdftex.def)             Requested size: 193.59155pt x 115.96082pt.
 [13 <./figures/14-0222-03D.jpg> <./figures/foam2.jpg>]
Underfull \vbox (badness 2368) has occurred while \output is active []

 [14 <./figures/flow_diagram.jpg>]
<figures/cryo-filter-skid.jpg, id=530, 675.52374pt x 928.46875pt>
File: figures/cryo-filter-skid.jpg Graphic file (type jpg)

<use figures/cryo-filter-skid.jpg>
Package pdftex.def Info: figures/cryo-filter-skid.jpg used on input line 131.
(pdftex.def)             Requested size: 193.59155pt x 266.07558pt.

<figures/cryo-filter-skid-cutaway.jpg, id=531, 649.42625pt x 913.4125pt>
File: figures/cryo-filter-skid-cutaway.jpg Graphic file (type jpg)

<use figures/cryo-filter-skid-cutaway.jpg>
Package pdftex.def Info: figures/cryo-filter-skid-cutaway.jpg used on input lin
e 132.
(pdftex.def)             Requested size: 193.59155pt x 272.28368pt.
 [15]
<figures/condenser.png, id=538, 562.35094pt x 592.46344pt>
File: figures/condenser.png Graphic file (type png)

<use figures/condenser.png>
Package pdftex.def Info: figures/condenser.png used on input line 148.
(pdftex.def)             Requested size: 322.65479pt x 339.93156pt.
 [16 <./figures/cryo-filter-skid.jpg> <./figures/cryo-filter-skid-cutaway.jpg>]
) (./tpc.tex [17 <./figures/condenser.png>]
<figures/cryo_tpc.pdf, id=552, 415.82135pt x 362.97577pt>
File: figures/cryo_tpc.pdf Graphic file (type pdf)

<use figures/cryo_tpc.pdf>
Package pdftex.def Info: figures/cryo_tpc.pdf used on input line 46.
(pdftex.def)             Requested size: 344.16641pt x 300.42793pt.
 [18]
<figures/tpc-completed-upstream-left.jpg, id=562, 1284.8pt x 963.6pt>
File: figures/tpc-completed-upstream-left.jpg Graphic file (type jpg)

<use figures/tpc-completed-upstream-left.jpg>
Package pdftex.def Info: figures/tpc-completed-upstream-left.jpg used on input 
line 59.
(pdftex.def)             Requested size: 236.61482pt x 177.45453pt.

<figures/tpc-upstream-interior.jpg, id=563, 963.6pt x 1284.8pt>
File: figures/tpc-upstream-interior.jpg Graphic file (type jpg)

<use figures/tpc-upstream-interior.jpg>
Package pdftex.def Info: figures/tpc-upstream-interior.jpg used on input line 6
6.
(pdftex.def)             Requested size: 236.61482pt x 315.47472pt.

<figures/cathode_right.jpg, id=564, 811.03pt x 542.025pt>
File: figures/cathode_right.jpg Graphic file (type jpg)

<use figures/cathode_right.jpg>
Package pdftex.def Info: figures/cathode_right.jpg used on input line 73.
(pdftex.def)             Requested size: 193.59155pt x 129.37738pt.

<figures/cathode_left.jpg, id=565, 812.03375pt x 541.02126pt>
File: figures/cathode_left.jpg Graphic file (type jpg)

<use figures/cathode_left.jpg>
Package pdftex.def Info: figures/cathode_left.jpg used on input line 74.
(pdftex.def)             Requested size: 193.59155pt x 128.98094pt.
 [19 <./figures/cryo_tpc.pdf>]
Underfull \vbox (badness 3118) has occurred while \output is active []

 [20 <./figures/tpc-completed-upstream-left.jpg> <./figures/tpc-upstream-interi
or.jpg>]
<figures/tpc-fieldcage-elbows.jpg, id=619, 963.6pt x 1284.8pt>
File: figures/tpc-fieldcage-elbows.jpg Graphic file (type jpg)

<use figures/tpc-fieldcage-elbows.jpg>
Package pdftex.def Info: figures/tpc-fieldcage-elbows.jpg used on input line 89
.
(pdftex.def)             Requested size: 344.16641pt x 458.88123pt.

<figures/tpc-smooshed-elbow-3.jpg, id=621, 963.6pt x 1284.8pt>
File: figures/tpc-smooshed-elbow-3.jpg Graphic file (type jpg)

<use figures/tpc-smooshed-elbow-3.jpg>
Package pdftex.def Info: figures/tpc-smooshed-elbow-3.jpg used on input line 98
.
(pdftex.def)             Requested size: 344.16641pt x 458.88123pt.

Underfull \vbox (badness 5022) has occurred while \output is active []

 [21 <./figures/cathode_right.jpg> <./figures/cathode_left.jpg>] [22 <./figures
/tpc-fieldcage-elbows.jpg>]

LaTeX Warning: Citation `Bagby:2014-resistortests' on page 23 undefined on inpu
t line 111.


Underfull \vbox (badness 1163) has occurred while \output is active []

 [23 <./figures/tpc-smooshed-elbow-3.jpg>]
<figures/tpc-voltage-divider-slimmox.jpg, id=637, 1284.8pt x 963.6pt>
File: figures/tpc-voltage-divider-slimmox.jpg Graphic file (type jpg)

<use figures/tpc-voltage-divider-slimmox.jpg>
Package pdftex.def Info: figures/tpc-voltage-divider-slimmox.jpg used on input 
line 115.
(pdftex.def)             Requested size: 344.16641pt x 258.117pt.


LaTeX Warning: Citation `HVCpaper' on page 24 undefined on input line 120.


LaTeX Warning: Citation `reference_resistor_paper' on page 24 undefined on inpu
t line 124.

[24 <./figures/tpc-voltage-divider-slimmox.jpg>]
<figures/tpc-voltage-divider-metallux.jpg, id=645, 1284.8pt x 963.6pt>
File: figures/tpc-voltage-divider-metallux.jpg Graphic file (type jpg)

<use figures/tpc-voltage-divider-metallux.jpg>
Package pdftex.def Info: figures/tpc-voltage-divider-metallux.jpg used on input
 line 128.
(pdftex.def)             Requested size: 344.16641pt x 258.117pt.


LaTeX Warning: Citation `surge_protection_paper' on page 25 undefined on input 
line 134.


Underfull \vbox (badness 1168) has occurred while \output is active []

 [25 <./figures/tpc-voltage-divider-metallux.jpg>]
<figures/tpc-voltage-divider-varistors.jpg, id=652, 1284.8pt x 963.6pt>
File: figures/tpc-voltage-divider-varistors.jpg Graphic file (type jpg)

<use figures/tpc-voltage-divider-varistors.jpg>
Package pdftex.def Info: figures/tpc-voltage-divider-varistors.jpg used on inpu
t line 138.
(pdftex.def)             Requested size: 344.16641pt x 258.117pt.

<figures/anode-frame-3dmodel.pdf, id=654, 337.26pt x 229.85875pt>
File: figures/anode-frame-3dmodel.pdf Graphic file (type pdf)

<use figures/anode-frame-3dmodel.pdf>
Package pdftex.def Info: figures/anode-frame-3dmodel.pdf used on input line 159
.
(pdftex.def)             Requested size: 344.16641pt x 234.57205pt.
 [26 <./figures/tpc-voltage-divider-varistors.jpg>] <figures/wire-twist.pdf, id
=662, 562.1pt x 361.35pt>
File: figures/wire-twist.pdf Graphic file (type pdf)

<use figures/wire-twist.pdf>
Package pdftex.def Info: figures/wire-twist.pdf used on input line 172.
(pdftex.def)             Requested size: 215.1032pt x 138.27933pt.


LaTeX Warning: Citation `Wire_Paper' on page 27 undefined on input line 178.

[27 <./figures/anode-frame-3dmodel.pdf> <./figures/wire-twist.pdf>]
<figures/wire-carrierboard.png, id=695, 408.52625pt x 303.1325pt>
File: figures/wire-carrierboard.png Graphic file (type png)

<use figures/wire-carrierboard.png>
Package pdftex.def Info: figures/wire-carrierboard.png used on input line 183.
(pdftex.def)             Requested size: 408.52525pt x 303.13176pt.

<figures/wire-boardtension.png, id=696, 455.7025pt x 607.26875pt>
File: figures/wire-boardtension.png Graphic file (type png)

<use figures/wire-boardtension.png>
Package pdftex.def Info: figures/wire-boardtension.png used on input line 192.
(pdftex.def)             Requested size: 455.70137pt x 607.26727pt.


LaTeX Warning: Citation `PSL' on page 28 undefined on input line 253.


<figures/WireTension_201605_updatedcolors.png, id=698, 1176.5556pt x 641.0349pt
>
File: figures/WireTension_201605_updatedcolors.png Graphic file (type png)
 <use figures/WireTension_201605_updatedcolors.png>
Package pdftex.def Info: figures/WireTension_201605_updatedcolors.png used on i
nput line 258.
(pdftex.def)             Requested size: 408.69475pt x 222.67339pt.
 [28 <./figures/wire-carrierboard.png>] [29 <./figures/wire-boardtension.png>]

LaTeX Warning: Citation `ElmaClean' on page 30 undefined on input line 282.

[30 <./figures/WireTension_201605_updatedcolors.png>]
<figures/tpc-3drendering.pdf, id=721, 453.695pt x 323.2075pt>
File: figures/tpc-3drendering.pdf Graphic file (type pdf)

<use figures/tpc-3drendering.pdf>
Package pdftex.def Info: figures/tpc-3drendering.pdf used on input line 293.
(pdftex.def)             Requested size: 344.16641pt x 245.1816pt.

<figures/tpc-completed-upstream-right.jpg, id=722, 1284.8pt x 963.6pt>
File: figures/tpc-completed-upstream-right.jpg Graphic file (type jpg)

<use figures/tpc-completed-upstream-right.jpg>
Package pdftex.def Info: figures/tpc-completed-upstream-right.jpg used on input
 line 294.
(pdftex.def)             Requested size: 344.16641pt x 258.117pt.

<figures/tent.jpg, id=726, 240.9pt x 180.675pt>
File: figures/tent.jpg Graphic file (type jpg)
 <use figures/tent.jpg>
Package pdftex.def Info: figures/tent.jpg used on input line 303.
(pdftex.def)             Requested size: 344.16641pt x 258.14824pt.

<figures/tpc-anode-frame.jpg, id=727, 1606.0pt x 1204.5pt>
File: figures/tpc-anode-frame.jpg Graphic file (type jpg)

<use figures/tpc-anode-frame.jpg>
Package pdftex.def Info: figures/tpc-anode-frame.jpg used on input line 311.
(pdftex.def)             Requested size: 344.16641pt x 258.117pt.

<figures/tpc-cathode-g10-frame.jpg, id=728, 1606.0pt x 1204.5pt>
File: figures/tpc-cathode-g10-frame.jpg Graphic file (type jpg)

<use figures/tpc-cathode-g10-frame.jpg>
Package pdftex.def Info: figures/tpc-cathode-g10-frame.jpg used on input line 3
18.
(pdftex.def)             Requested size: 344.16641pt x 258.117pt.

<figures/hv-feedthrough.jpg, id=731, 1148.29pt x 133.49875pt>
File: figures/hv-feedthrough.jpg Graphic file (type jpg)

<use figures/hv-feedthrough.jpg>
Package pdftex.def Info: figures/hv-feedthrough.jpg used on input line 338.
(pdftex.def)             Requested size: 430.20639pt x 50.01505pt.

<figures/hv-ftdrawing.pdf, id=732, 2306.39769pt x 487.74442pt>
File: figures/hv-ftdrawing.pdf Graphic file (type pdf)

<use figures/hv-ftdrawing.pdf>
Package pdftex.def Info: figures/hv-ftdrawing.pdf used on input line 339.
(pdftex.def)             Requested size: 430.20639pt x 90.97552pt.
 [31]
Underfull \vbox (badness 3068) has occurred while \output is active []

 [32 <./figures/tpc-3drendering.pdf> <./figures/tpc-completed-upstream-right.jp
g>]
<figures/hv-FT-cryostat.jpg, id=762, 481.8pt x 642.4pt>
File: figures/hv-FT-cryostat.jpg Graphic file (type jpg)

<use figures/hv-FT-cryostat.jpg>
Package pdftex.def Info: figures/hv-FT-cryostat.jpg used on input line 351.
(pdftex.def)             Requested size: 258.12645pt x 344.17561pt.
) (./light-collection.tex
Underfull \vbox (badness 10000) has occurred while \output is active []

 [33 <./figures/tent.jpg> <./figures/tpc-anode-frame.jpg>] [34 <./figures/tpc-c
athode-g10-frame.jpg> <./figures/hv-feedthrough.jpg> <./figures/hv-ftdrawing.pd
f>]

LaTeX Warning: Citation `saito_wavelength' on page 35 undefined on input line 5
0.


LaTeX Warning: Citation `singtrip_collection' on page 35 undefined on input lin
e 51.


LaTeX Warning: Citation `Amerio:2004ze' on page 35 undefined on input line 52.


LaTeX Warning: Citation `Acciarri:2008kv' on page 35 undefined on input line 53
.


LaTeX Warning: Citation `Rayleigh' on page 35 undefined on input line 55.

[35 <./figures/hv-FT-cryostat.jpg>]

LaTeX Warning: Citation `singtrip_collection' on page 36 undefined on input lin
e 66.


LaTeX Warning: Citation `WARPquench' on page 36 undefined on input line 66.


LaTeX Warning: Citation `Benthesis' on page 36 undefined on input line 66.

<./light_figures/pmttpbeff.png, id=804, 1445.4pt x 722.7pt>
File: ./light_figures/pmttpbeff.png Graphic file (type png)

<use ./light_figures/pmttpbeff.png>
Package pdftex.def Info: ./light_figures/pmttpbeff.png used on input line 71.
(pdftex.def)             Requested size: 430.20639pt x 215.1024pt.


LaTeX Warning: Citation `Benthesis' on page 36 undefined on input line 72.


LaTeX Warning: Citation `Benthesis' on page 36 undefined on input line 72.

<./light_figures/PMTPlacement.pdf, id=806, 722.7pt x 289.08pt>
File: ./light_figures/PMTPlacement.pdf Graphic file (type pdf)

<use ./light_figures/PMTPlacement.pdf>
Package pdftex.def Info: ./light_figures/PMTPlacement.pdf used on input line 84
.
(pdftex.def)             Requested size: 408.69475pt x 163.47606pt.

<./light_figures/muondecay.pdf, id=809, 794.97pt x 614.295pt>
File: ./light_figures/muondecay.pdf Graphic file (type pdf)

<use ./light_figures/muondecay.pdf>
Package pdftex.def Info: ./light_figures/muondecay.pdf used on input line 90.
(pdftex.def)             Requested size: 408.69475pt x 315.81711pt.
 [36] [37 <./light_figures/pmttpbeff.png> <./light_figures/PMTPlacement.pdf>]

LaTeX Warning: Citation `Chiu:2012ju' on page 38 undefined on input line 99.


LaTeX Warning: Citation `Baptista:2012bf' on page 38 undefined on input line 99
.


LaTeX Warning: Citation `Benthesis' on page 38 undefined on input line 99.

<./light_figures/PMTmount2.jpg, id=858, 1507.6325pt x 1131.22626pt>
File: ./light_figures/PMTmount2.jpg Graphic file (type jpg)

<use ./light_figures/PMTmount2.jpg>
Package pdftex.def Info: ./light_figures/PMTmount2.jpg used on input line 123.
(pdftex.def)             Requested size: 193.59155pt x 145.25215pt.

<./light_figures/13-0430-05D.jpg, id=859, 803.0pt x 534.99875pt>
File: ./light_figures/13-0430-05D.jpg Graphic file (type jpg)

<use ./light_figures/13-0430-05D.jpg>
Package pdftex.def Info: ./light_figures/13-0430-05D.jpg used on input line 124
.
(pdftex.def)             Requested size: 193.59155pt x 128.98192pt.


LaTeX Warning: Citation `Icarus' on page 38 undefined on input line 134.

[38 <./light_figures/muondecay.pdf>]

LaTeX Warning: Citation `HOMeyer' on page 39 undefined on input line 144.

<./light_figures/PlateSpectra.png, id=894, 1030.85126pt x 922.44624pt>
File: ./light_figures/PlateSpectra.png Graphic file (type png)

<use ./light_figures/PlateSpectra.png>
Package pdftex.def Info: ./light_figures/PlateSpectra.png used on input line 15
5.
(pdftex.def)             Requested size: 279.63152pt x 250.21799pt.


LaTeX Warning: Citation `Benthesis' on page 39 undefined on input line 157.


LaTeX Warning: Citation `Benthesis' on page 39 undefined on input line 157.

[39 <./light_figures/PMTmount2.jpg> <./light_figures/13-0430-05D.jpg>] [40 <./l
ight_figures/PlateSpectra.png>] [41]
<./light_figures/PlateModeAndPhoto.pdf, id=934, 867.24pt x 325.215pt>
File: ./light_figures/PlateModeAndPhoto.pdf Graphic file (type pdf)

<use ./light_figures/PlateModeAndPhoto.pdf>
Package pdftex.def Info: ./light_figures/PlateModeAndPhoto.pdf used on input li
ne 257.
(pdftex.def)             Requested size: 430.20639pt x 161.3268pt.

<./light_figures/EfficienciesIgnarraThesis.pdf, id=938, 569.12625pt x 541.02126
pt>
File: ./light_figures/EfficienciesIgnarraThesis.pdf Graphic file (type pdf)
 <use ./light_figures/EfficienciesIgnarraThesis.pdf>
Package pdftex.def Info: ./light_figures/EfficienciesIgnarraThesis.pdf used on 
input line 268.
(pdftex.def)             Requested size: 258.12645pt x 245.38905pt.

Underfull \vbox (badness 10000) has occurred while \output is active []

 [42 <./light_figures/PlateModeAndPhoto.pdf>]
<./light_figures/KendzioraRotator.jpg, id=982, 635.976pt x 489.31432pt>
File: ./light_figures/KendzioraRotator.jpg Graphic file (type jpg)

<use ./light_figures/KendzioraRotator.jpg>
Package pdftex.def Info: ./light_figures/KendzioraRotator.jpg used on input lin
e 286.
(pdftex.def)             Requested size: 344.16641pt x 264.80069pt.

<./light_figures/shield.png, id=983, 559.08875pt x 393.47pt>
File: ./light_figures/shield.png Graphic file (type png)

<use ./light_figures/shield.png>
Package pdftex.def Info: ./light_figures/shield.png used on input line 295.
(pdftex.def)             Requested size: 258.12645pt x 181.66481pt.
 [43 <./light_figures/EfficienciesIgnarraThesis.pdf, page is rotated 90 degrees
>]
Underfull \vbox (badness 2277) has occurred while \output is active []

 [44 <./light_figures/KendzioraRotator.jpg> <./light_figures/shield.png>]
<./light_figures/mountedpmtlabeled.jpg, id=1043, 426.8748pt x 534.3162pt>
File: ./light_figures/mountedpmtlabeled.jpg Graphic file (type jpg)

<use ./light_figures/mountedpmtlabeled.jpg>
Package pdftex.def Info: ./light_figures/mountedpmtlabeled.jpg used on input li
ne 322.
(pdftex.def)             Requested size: 193.59155pt x 242.3234pt.

<./light_figures/PMTunit2.pdf, id=1044, 643.40375pt x 480.79625pt>
File: ./light_figures/PMTunit2.pdf Graphic file (type pdf)

<use ./light_figures/PMTunit2.pdf>
Package pdftex.def Info: ./light_figures/PMTunit2.pdf used on input line 323.
(pdftex.def)             Requested size: 193.59155pt x 144.66548pt.
 [45]
<./light_figures/splitter_modified.png, id=1056, 748.7975pt x 454.69875pt>
File: ./light_figures/splitter_modified.png Graphic file (type png)

<use ./light_figures/splitter_modified.png>
Package pdftex.def Info: ./light_figures/splitter_modified.png used on input li
ne 335.
(pdftex.def)             Requested size: 301.14316pt x 182.86842pt.


LaTeX Warning: `h' float specifier changed to `ht'.


LaTeX Warning: Citation `Stycast' on page 46 undefined on input line 341.


Underfull \vbox (badness 4205) has occurred while \output is active []

 [46 <./light_figures/mountedpmtlabeled.jpg> <./light_figures/PMTunit2.pdf>]
<./light_figures/nonlinear.png, id=1065, 501.875pt x 406.51875pt>
File: ./light_figures/nonlinear.png Graphic file (type png)

<use ./light_figures/nonlinear.png>
Package pdftex.def Info: ./light_figures/nonlinear.png used on input line 350.
(pdftex.def)             Requested size: 387.18312pt x 313.63449pt.
LaTeX Font Info:    Font shape `T1/ptm/bx/n' in size <9> not available
(Font)              Font shape `T1/ptm/b/n' tried instead on input line 352.


LaTeX Warning: Citation `Benthesis' on page 47 undefined on input line 352.


LaTeX Warning: Citation `Benthesis' on page 47 undefined on input line 352.


LaTeX Warning: Citation `Benthesis' on page 47 undefined on input line 355.

[47 <./light_figures/splitter_modified.png>]
<./light_figures/LightguideModeAndPhoto.pdf, id=1073, 722.7pt x 289.08pt>
File: ./light_figures/LightguideModeAndPhoto.pdf Graphic file (type pdf)

<use ./light_figures/LightguideModeAndPhoto.pdf>
Package pdftex.def Info: ./light_figures/LightguideModeAndPhoto.pdf used on inp
ut line 369.
(pdftex.def)             Requested size: 430.20639pt x 172.08192pt.
 [48 <./light_figures/nonlinear.png> <./light_figures/LightguideModeAndPhoto.pd
f>]
<./light_figures/BarSpectra.png, id=1114, 1030.85126pt x 922.44624pt>
File: ./light_figures/BarSpectra.png Graphic file (type png)

<use ./light_figures/BarSpectra.png>
Package pdftex.def Info: ./light_figures/BarSpectra.png used on input line 385.

(pdftex.def)             Requested size: 279.63152pt x 250.21799pt.
 [49]
<./light_figures/flasherresult.png, id=1128, 840.13875pt x 199.74625pt>
File: ./light_figures/flasherresult.png Graphic file (type png)

<use ./light_figures/flasherresult.png>
Package pdftex.def Info: ./light_figures/flasherresult.png used on input line 4
03.
(pdftex.def)             Requested size: 430.20639pt x 102.28374pt.

<./light_figures/PMT_xtalk_PE_plot.png, id=1129, 578.16pt x 433.62pt>
File: ./light_figures/PMT_xtalk_PE_plot.png Graphic file (type png)

<use ./light_figures/PMT_xtalk_PE_plot.png>
Package pdftex.def Info: ./light_figures/PMT_xtalk_PE_plot.png used on input li
ne 414.
(pdftex.def)             Requested size: 236.61482pt x 177.46114pt.


LaTeX Warning: Citation `Icarus:0812' on page 50 undefined on input line 419.


LaTeX Warning: Citation `BernPrivate' on page 50 undefined on input line 419.

[50 <./light_figures/BarSpectra.png>]

LaTeX Warning: Citation `BernPrivate' on page 51 undefined on input line 423.


Underfull \vbox (badness 2012) has occurred while \output is active []

 [51 <./light_figures/flasherresult.png> <./light_figures/PMT_xtalk_PE_plot.png
>]
<./light_figures/eventtriplet.pdf, id=1148, 332.74312pt x 542.62717pt>
File: ./light_figures/eventtriplet.pdf Graphic file (type pdf)

<use ./light_figures/eventtriplet.pdf>
Package pdftex.def Info: ./light_figures/eventtriplet.pdf used on input line 44
1.
(pdftex.def)             Requested size: 274.42506pt x 447.52448pt.

<./light_figures/sample_flasher_spe.png, id=1149, 892.33376pt x 585.18625pt>
File: ./light_figures/sample_flasher_spe.png Graphic file (type png)

<use ./light_figures/sample_flasher_spe.png>
Package pdftex.def Info: ./light_figures/sample_flasher_spe.png used on input l
ine 449.
(pdftex.def)             Requested size: 236.61482pt x 155.1629pt.

<./light_figures/h2_ch0_pmt1.png, id=1150, 798.985pt x 575.14874pt>
File: ./light_figures/h2_ch0_pmt1.png Graphic file (type png)

<use ./light_figures/h2_ch0_pmt1.png>
Package pdftex.def Info: ./light_figures/h2_ch0_pmt1.png used on input line 458
.
(pdftex.def)             Requested size: 236.61482pt x 170.3256pt.
) (./electronics.tex
<./figures/MicroBooNEReadoutScheme.pdf, id=1152, 1228.59pt x 686.565pt>
File: ./figures/MicroBooNEReadoutScheme.pdf Graphic file (type pdf)

<use ./figures/MicroBooNEReadoutScheme.pdf>
Package pdftex.def Info: ./figures/MicroBooNEReadoutScheme.pdf used on input li
ne 8.
(pdftex.def)             Requested size: 387.18312pt x 216.3634pt.
 [52] [53 <./light_figures/eventtriplet.pdf>]

LaTeX Warning: Citation `refasic' on page 54 undefined on input line 26.

[54 <./light_figures/sample_flasher_spe.png> <./light_figures/h2_ch0_pmt1.png>]
<figures/asic.pdf, id=1211, 232.87pt x 227.85126pt>
File: figures/asic.pdf Graphic file (type pdf)
 <use figures/asic.pdf>
Package pdftex.def Info: figures/asic.pdf used on input line 33.
(pdftex.def)             Requested size: 144.0pt x 140.90126pt.

<figures/mb2.pdf, id=1212, 871.255pt x 392.46625pt>
File: figures/mb2.pdf Graphic file (type pdf)
 <use figures/mb2.pdf>
Package pdftex.def Info: figures/mb2.pdf used on input line 37.
(pdftex.def)             Requested size: 240.0pt x 108.10521pt.

Underfull \vbox (badness 4036) has occurred while \output is active []

 [55 <./figures/MicroBooNEReadoutScheme.pdf> <./figures/asic.pdf> <./figures/mb
2.pdf>]
[56] <figures/noise.pdf, id=1242, 849.1725pt x 596.2275pt>
File: figures/noise.pdf Graphic file (type pdf)

<use figures/noise.pdf>
Package pdftex.def Info: figures/noise.pdf used on input line 64.
(pdftex.def)             Requested size: 339.66298pt x 238.48677pt.
 <figures/gain.pdf, id=1243, 849.1725pt x 596.2275pt>
File: figures/gain.pdf Graphic file (type pdf)

<use figures/gain.pdf>
Package pdftex.def Info: figures/gain.pdf used on input line 71.
(pdftex.def)             Requested size: 339.66298pt x 238.48677pt.

Overfull \hbox (0.5946pt too wide) in paragraph at lines 80--81
\T1/ptm/m/n/10.95 Signals from the cold elec-tron-ics are car-ried over the col
d ca-bles to ded-i-cated feedthroughs mounted
 []


Overfull \hbox (12.3105pt too wide) in paragraph at lines 80--81
\T1/ptm/m/n/10.95 on the cryo-stat. The cold ca-bles are con-nected to pin-carr
iers lo-cated on 14-inch CF sig-nal feedthrough
 []

[57] [58 <./figures/noise.pdf> <./figures/gain.pdf>]
<figures/signal_feedthrough_standard.pdf, id=1271, 330.30513pt x 266.23314pt>
File: figures/signal_feedthrough_standard.pdf Graphic file (type pdf)

<use figures/signal_feedthrough_standard.pdf>
Package pdftex.def Info: figures/signal_feedthrough_standard.pdf used on input 
line 84.
(pdftex.def)             Requested size: 344.16641pt x 277.42433pt.

<figures/signal_feedthrough_assembly.pdf, id=1273, 397.11331pt x 405.26305pt>
File: figures/signal_feedthrough_assembly.pdf Graphic file (type pdf)

<use figures/signal_feedthrough_assembly.pdf>
Package pdftex.def Info: figures/signal_feedthrough_assembly.pdf used on input 
line 93.
(pdftex.def)             Requested size: 172.07993pt x 175.60777pt.

<figures/signal_feedthrough_assembly_photo.pdf, id=1274, 564.18199pt x 424.4206
2pt>
File: figures/signal_feedthrough_assembly_photo.pdf Graphic file (type pdf)
 <use figures/signal_feedthrough_assembly_photo.pdf>
Package pdftex.def Info: figures/signal_feedthrough_assembly_photo.pdf used on 
input line 94.
(pdftex.def)             Requested size: 172.07993pt x 129.45132pt.
 [59 <./figures/signal_feedthrough_standard.pdf>]
<figures/intermediate_amplifier.pdf, id=1338, 329.7682pt x 256.94394pt>
File: figures/intermediate_amplifier.pdf Graphic file (type pdf)

<use figures/intermediate_amplifier.pdf>
Package pdftex.def Info: figures/intermediate_amplifier.pdf used on input line 
105.
(pdftex.def)             Requested size: 172.07993pt x 134.07816pt.

<figures/serviceboard.pdf, id=1339, 600.76453pt x 459.60658pt>
File: figures/serviceboard.pdf Graphic file (type pdf)

<use figures/serviceboard.pdf>
Package pdftex.def Info: figures/serviceboard.pdf used on input line 106.
(pdftex.def)             Requested size: 172.07993pt x 131.64845pt.
 [60 <./figures/signal_feedthrough_assembly.pdf> <./figures/signal_feedthrough_
assembly_photo.pdf> <./figures/intermediate_amplifier.pdf> <./figures/servicebo
ard.pdf>] [61]
<./figures/readout_2.png, id=1468, 193.2018pt x 229.3368pt>
File: ./figures/readout_2.png Graphic file (type png)

<use ./figures/readout_2.png>
Package pdftex.def Info: ./figures/readout_2.png used on input line 133.
(pdftex.def)             Requested size: 258.12645pt x 306.42438pt.
 [62 <./figures/readout_2.png>]
<./figures/readout_3.jpg, id=1476, 722.7pt x 542.025pt>
File: ./figures/readout_3.jpg Graphic file (type jpg)

<use ./figures/readout_3.jpg>
Package pdftex.def Info: ./figures/readout_3.jpg used on input line 141.
(pdftex.def)             Requested size: 344.16641pt x 258.12619pt.

<./figures/readout_4.png, id=1478, 722.7pt x 485.6544pt>
File: ./figures/readout_4.png Graphic file (type png)

<use ./figures/readout_4.png>
Package pdftex.def Info: ./figures/readout_4.png used on input line 149.
(pdftex.def)             Requested size: 344.16641pt x 231.28107pt.
LaTeX Font Info:    Font shape `OT1/ptm/bx/n' in size <9> not available
(Font)              Font shape `OT1/ptm/b/n' tried instead on input line 165.
LaTeX Font Info:    Font shape `OT1/ptm/bx/n' in size <7> not available
(Font)              Font shape `OT1/ptm/b/n' tried instead on input line 165.
LaTeX Font Info:    Font shape `OT1/ptm/bx/n' in size <5> not available
(Font)              Font shape `OT1/ptm/b/n' tried instead on input line 165.

Underfull \vbox (badness 10000) has occurred while \output is active []

 [63 <./figures/readout_3.jpg>]
<./figures/readout_6.jpg, id=1488, 1037.8775pt x 641.39626pt>
File: ./figures/readout_6.jpg Graphic file (type jpg)

<use ./figures/readout_6.jpg>
Package pdftex.def Info: ./figures/readout_6.jpg used on input line 169.
(pdftex.def)             Requested size: 344.16641pt x 212.68904pt.
 [64 <./figures/readout_4.png>] [65 <./figures/readout_6.jpg>] <./figures/reado
ut_7.pdf, id=1508, 574.47736pt x 400.39348pt>
File: ./figures/readout_7.pdf Graphic file (type pdf)

<use ./figures/readout_7.pdf>
Package pdftex.def Info: ./figures/readout_7.pdf used on input line 192.
(pdftex.def)             Requested size: 344.16641pt x 239.87135pt.

<./figures/temp.pdf, id=1510, 289.08pt x 216.81pt>
File: ./figures/temp.pdf Graphic file (type pdf)
 <use ./figures/temp.pdf>
Package pdftex.def Info: ./figures/temp.pdf used on input line 211.
(pdftex.def)             Requested size: 344.16641pt x 258.13942pt.

[66 <./figures/readout_7.pdf>]
Underfull \vbox (badness 1466) has occurred while \output is active []

 [67 <./figures/temp.pdf>] <./figures/readout_9.jpg, id=1556, 1503.6175pt x 855
.195pt>
File: ./figures/readout_9.jpg Graphic file (type jpg)

<use ./figures/readout_9.jpg>
Package pdftex.def Info: ./figures/readout_9.jpg used on input line 241.
(pdftex.def)             Requested size: 344.16641pt x 195.73811pt.

<./figures/placeholder_trig_ub.jpg, id=1558, 758.835pt x 600.2425pt>
File: ./figures/placeholder_trig_ub.jpg Graphic file (type jpg)

<use ./figures/placeholder_trig_ub.jpg>
Package pdftex.def Info: ./figures/placeholder_trig_ub.jpg used on input line 2
49.
(pdftex.def)             Requested size: 344.16641pt x 272.24066pt.

Underfull \vbox (badness 10000) has occurred while \output is active []

 [68]

LaTeX Warning: Text page 69 contains only floats.


Overfull \vbox (1.33592pt too high) has occurred while \output is active []


[69 <./figures/readout_9.jpg> <./figures/placeholder_trig_ub.jpg>]

LaTeX Warning: Citation `SNEWS' on page 70 undefined on input line 263.

<./figures/dataFlow.pdf, id=1573, 1027.84pt x 770.88pt>
File: ./figures/dataFlow.pdf Graphic file (type pdf)

<use ./figures/dataFlow.pdf>
Package pdftex.def Info: ./figures/dataFlow.pdf used on input line 269.
(pdftex.def)             Requested size: 408.69475pt x 306.52333pt.
 [70]

LaTeX Warning: Citation `Ganglia' on page 71 undefined on input line 277.

<./figures/stressGanglia.png, id=1580, 298.11375pt x 130.4875pt>
File: ./figures/stressGanglia.png Graphic file (type png)

<use ./figures/stressGanglia.png>
Package pdftex.def Info: ./figures/stressGanglia.png used on input line 281.
(pdftex.def)             Requested size: 408.69475pt x 178.90018pt.


LaTeX Warning: Citation `ROOT' on page 71 undefined on input line 286.


Underfull \vbox (badness 1360) has occurred while \output is active []

 [71 <./figures/dataFlow.pdf>]
<./figures/daqLizard.png, id=1606, 2219.29124pt x 1132.23pt>
File: ./figures/daqLizard.png Graphic file (type png)

<use ./figures/daqLizard.png>
Package pdftex.def Info: ./figures/daqLizard.png used on input line 290.
(pdftex.def)             Requested size: 408.69475pt x 208.49179pt.
 [72 <./figures/stressGanglia.png> <./figures/daqLizard.png>]) (./slow-control.
tex
<./figures/ACDist.png, id=1617, 816.04875pt x 416.55624pt>
File: ./figures/ACDist.png Graphic file (type png)

<use ./figures/ACDist.png>
Package pdftex.def Info: ./figures/ACDist.png used on input line 44.
(pdftex.def)             Requested size: 344.16641pt x 175.68338pt.

<./figures/ActualRacks.png, id=1618, 445.665pt x 304.13625pt>
File: ./figures/ActualRacks.png Graphic file (type png)

<use ./figures/ActualRacks.png>
Package pdftex.def Info: ./figures/ActualRacks.png used on input line 45.
(pdftex.def)             Requested size: 258.12645pt x 176.15318pt.

<./figures/DataDist.png, id=1619, 808.01875pt x 413.545pt>
File: ./figures/DataDist.png Graphic file (type png)

<use ./figures/DataDist.png>
Package pdftex.def Info: ./figures/DataDist.png used on input line 46.
(pdftex.def)             Requested size: 344.16641pt x 176.14236pt.
 [73]

LaTeX Warning: Text page 74 contains only floats.


Underfull \vbox (badness 10000) has occurred while \output is active []

 [74 <./figures/ACDist.png> <./figures/ActualRacks.png> <./figures/DataDist.png
>]
<./figures/PowerDiagPic.png, id=1631, 794.97pt x 619.31375pt>
File: ./figures/PowerDiagPic.png Graphic file (type png)

<use ./figures/PowerDiagPic.png>
Package pdftex.def Info: ./figures/PowerDiagPic.png used on input line 68.
(pdftex.def)             Requested size: 331.26076pt x 258.0688pt.
 [75]
Overfull \hbox (30.35855pt too wide) in paragraph at lines 94--110
 [][] 
 []

[76 <./figures/PowerDiagPic.png>] [77] [78]

LaTeX Warning: Citation `D0' on page 79 undefined on input line 151.

[79] <figures/beam_monitoring.png, id=1676, 1270.7475pt x 714.67pt>
File: figures/beam_monitoring.png Graphic file (type png)

<use figures/beam_monitoring.png>
Package pdftex.def Info: figures/beam_monitoring.png used on input line 177.
(pdftex.def)             Requested size: 408.69475pt x 229.855pt.
) (./laser.tex [80]
<figures/Potential.pdf, id=1691, 579.16376pt x 440.64626pt>
File: figures/Potential.pdf Graphic file (type pdf)

<use figures/Potential.pdf>
Package pdftex.def Info: figures/Potential.pdf used on input line 9.
(pdftex.def)             Requested size: 344.16641pt x 261.85495pt.

<figures/Coordinate.pdf, id=1692, 713.66624pt x 555.07375pt>
File: figures/Coordinate.pdf Graphic file (type pdf)

<use figures/Coordinate.pdf>
Package pdftex.def Info: figures/Coordinate.pdf used on input line 16.
(pdftex.def)             Requested size: 344.16641pt x 267.68588pt.

<figures/Voirin.pdf, id=1693, 656.4525pt x 491.8375pt>
File: figures/Voirin.pdf Graphic file (type pdf)

<use figures/Voirin.pdf>
Package pdftex.def Info: figures/Voirin.pdf used on input line 23.
(pdftex.def)             Requested size: 344.16641pt x 257.86581pt.

Underfull \vbox (badness 5519) has occurred while \output is active []

 [81 <./figures/beam_monitoring.png>]

LaTeX Warning: Text page 82 contains only floats.

[82 <./figures/Potential.pdf> <./figures/Coordinate.pdf>] [83 <./figures/Voirin
.pdf>] <figures/Original_Tracks.pdf, id=1746, 1236.62pt x 419.5675pt>
File: figures/Original_Tracks.pdf Graphic file (type pdf)

<use figures/Original_Tracks.pdf>
Package pdftex.def Info: figures/Original_Tracks.pdf used on input line 39.
(pdftex.def)             Requested size: 421.60042pt x 143.04158pt.

<figures/Ydev.pdf, id=1747, 1238.6275pt x 409.53pt>
File: figures/Ydev.pdf Graphic file (type pdf)
 <use figures/Ydev.pdf>
Package pdftex.def Info: figures/Ydev.pdf used on input line 40.
(pdftex.def)             Requested size: 421.60042pt x 139.39458pt.

<figures/Yresidual.pdf, id=1748, 1236.62pt x 419.5675pt>
File: figures/Yresidual.pdf Graphic file (type pdf)

<use figures/Yresidual.pdf>
Package pdftex.def Info: figures/Yresidual.pdf used on input line 41.
(pdftex.def)             Requested size: 421.60042pt x 143.04158pt.


LaTeX Warning: Citation `Continuum' on page 84 undefined on input line 48.


Underfull \vbox (badness 10000) has occurred while \output is active []

 [84 <./figures/Original_Tracks.pdf> <./figures/Ydev.pdf> <./figures/Yresidual.
pdf>]
<figures/optics.pdf, id=1783, 386.5361pt x 258.03099pt>
File: figures/optics.pdf Graphic file (type pdf)

<use figures/optics.pdf>
Package pdftex.def Info: figures/optics.pdf used on input line 54.
(pdftex.def)             Requested size: 258.12645pt x 172.3129pt.

<figures/feedthrough2.pdf, id=1784, 100.13837pt x 214.4992pt>
File: figures/feedthrough2.pdf Graphic file (type pdf)

<use figures/feedthrough2.pdf>
Package pdftex.def Info: figures/feedthrough2.pdf used on input line 56.
(pdftex.def)             Requested size: 86.03996pt x 184.30861pt.
 [85]
<figures/Feedthrough.pdf, id=1794, 939.587pt x 1001.21594pt>
File: figures/Feedthrough.pdf Graphic file (type pdf)

<use figures/Feedthrough.pdf>
Package pdftex.def Info: figures/Feedthrough.pdf used on input line 68.
(pdftex.def)             Requested size: 242.23668pt x 258.12645pt.

<figures/Mirror.pdf, id=1795, 465.58191pt x 999.57639pt>
File: figures/Mirror.pdf Graphic file (type pdf)

<use figures/Mirror.pdf>
Package pdftex.def Info: figures/Mirror.pdf used on input line 68.
(pdftex.def)             Requested size: 120.22435pt x 258.12645pt.
 [86 <./figures/optics.pdf> <./figures/feedthrough2.pdf>]
Overfull \hbox (3.0802pt too wide) in paragraph at lines 87--88
[]\T1/ptm/m/n/10.95 Horizontal move-ment lim-i-ta-tions arise from the con-stru
c-tion of the feedthrough sys-tem, namely
 []

[87 <./figures/Feedthrough.pdf> <./figures/Mirror.pdf>]) (./conclusion.tex)
(./acknowledgments.tex) (./main.bbl
LaTeX Font Info:    Font shape `T1/ptm/bx/n' in size <10> not available
(Font)              Font shape `T1/ptm/b/n' tried instead on input line 5.
 [88] [89] [90] [91] [92]) [93] (./main.aux)

LaTeX Warning: There were undefined references.

 ) 
Here is how much of TeX's memory you used:
 5556 strings out of 493089
 84301 string characters out of 6134842
 136093 words of memory out of 5000000
 8431 multiletter control sequences out of 15000+600000
 94527 words of font info for 144 fonts, out of 8000000 for 9000
 1141 hyphenation exceptions out of 8191
 44i,12n,47p,2242b,389s stack positions out of 5000i,500n,10000p,200000b,80000s
{/usr/local/texlive/2015/texmf-dist/fonts/enc/dvips/base/8r.enc}</usr/local/t
exlive/2015/texmf-dist/fonts/type1/public/amsfonts/cm/cmmi10.pfb></usr/local/te
xlive/2015/texmf-dist/fonts/type1/public/amsfonts/cm/cmr10.pfb></usr/local/texl
ive/2015/texmf-dist/fonts/type1/public/amsfonts/cm/cmsy10.pfb></usr/local/texli
ve/2015/texmf-dist/fonts/type1/public/rsfs/rsfs10.pfb></usr/local/texlive/2015/
texmf-dist/fonts/type1/urw/courier/ucrr8a.pfb></usr/local/texlive/2015/texmf-di
st/fonts/type1/urw/helvetic/uhvb8a.pfb></usr/local/texlive/2015/texmf-dist/font
s/type1/urw/helvetic/uhvr8a.pfb></usr/local/texlive/2015/texmf-dist/fonts/type1
/urw/symbol/usyr.pfb></usr/local/texlive/2015/texmf-dist/fonts/type1/urw/symbol
/usyr.pfb></usr/local/texlive/2015/texmf-dist/fonts/type1/urw/times/utmb8a.pfb>
</usr/local/texlive/2015/texmf-dist/fonts/type1/urw/times/utmr8a.pfb></usr/loca
l/texlive/2015/texmf-dist/fonts/type1/urw/times/utmri8a.pfb>
Output written on main.pdf (94 pages, 34635241 bytes).
PDF statistics:
 2069 PDF objects out of 2073 (max. 8388607)
 1613 compressed objects within 17 object streams
 367 named destinations out of 1000 (max. 500000)
 461 words of extra memory for PDF output out of 10000 (max. 10000000)

